 # Detector n:  1  LG-143    
 # N. of x1 intervals 60
  0.1000000      0.1122018       1.156676      0.1077354    
  0.1122018      0.1258925       1.240653      8.9425556E-02
  0.1258925      0.1412538       1.325807      7.7424556E-02
  0.1412538      0.1584893       1.412711      8.5035577E-02
  0.1584893      0.1778279       1.492514      6.9587648E-02
  0.1778279      0.1995262       1.567161      5.7139680E-02
  0.1995262      0.2238721       1.633672      5.8145687E-02
  0.2238721      0.2511887       1.683808      6.3178331E-02
  0.2511887      0.2818383       1.717642      4.6988353E-02
  0.2818383      0.3162278       1.736250      5.0323229E-02
  0.3162278      0.3548134       1.735622      4.5937777E-02
  0.3548134      0.3981072       1.718736      4.5057077E-02
  0.3981072      0.4466836       1.686142      4.4957794E-02
  0.4466836      0.5011873       1.642433      4.0260062E-02
  0.5011873      0.5623413       1.586354      4.3513410E-02
  0.5623413      0.6309574       1.525250      4.2857450E-02
  0.6309574      0.7079458       1.456182      4.1598767E-02
  0.7079458      0.7943283       1.382414      3.6377493E-02
  0.7943283      0.8912510       1.305548      3.2973789E-02
  0.8912510       1.000000       1.224690      3.2197598E-02
   1.000000       1.122019       1.142416      3.6819842E-02
   1.122019       1.258925       1.058389      2.9984737E-02
   1.258925       1.412538      0.9738204      3.2533463E-02
   1.412538       1.584893      0.8895825      3.4280457E-02
   1.584893       1.778280      0.8076446      3.1984352E-02
   1.778280       1.995263      0.7287195      3.4584712E-02
   1.995263       2.238721      0.6532162      2.9346874E-02
   2.238721       2.511887      0.5817721      3.1596400E-02
   2.511887       2.818383      0.5146614      3.3436123E-02
   2.818383       3.162278      0.4528141      3.0525465E-02
   3.162278       3.548134      0.3955836      2.9515322E-02
   3.548134       3.981072      0.3430521      3.0981760E-02
   3.981072       4.466836      0.2956171      3.3659976E-02
   4.466836       5.011873      0.2528408      3.5758231E-02
   5.011873       5.623414      0.2147026      3.5050370E-02
   5.623414       6.309574      0.1807255      3.7328061E-02
   6.309574       7.079458      0.1510358      3.6934379E-02
   7.079458       7.943283      0.1251485      4.0594071E-02
   7.943283       8.912510      0.1026677      3.8418457E-02
   8.912510       10.00000      8.3293550E-02  3.8731206E-02
   10.00000       11.22019      6.6909589E-02  4.3158513E-02
   11.22019       12.58926      5.3055476E-02  4.5523249E-02
   12.58926       14.12538      4.1506410E-02  4.1668206E-02
   14.12538       15.84893      3.1992864E-02  4.8805322E-02
   15.84893       17.78279      2.4234781E-02  5.0429914E-02
   17.78279       19.95263      1.7990604E-02  5.2177045E-02
   19.95263       22.38721      1.3072240E-02  5.9269372E-02
   22.38721       25.11887      9.2779733E-03  7.5758450E-02
   25.11887       28.18383      6.4040874E-03  8.8663451E-02
   28.18383       31.62278      4.2757397E-03  0.1024076    
   31.62278       35.48134      2.7513176E-03  0.1175738    
   35.48134       39.81072      1.6923239E-03  0.1330186    
   39.81072       44.66837      9.8575582E-04  0.1620189    
   44.66837       50.11873      5.3034880E-04  0.2228813    
   50.11873       56.23414      2.5753904E-04  0.3214473    
   56.23414       63.09574      1.0742622E-04  0.4460371    
   63.09574       70.79459      3.6591227E-05  0.6831014    
   70.79459       79.43283      9.1940310E-06   1.307210    
   79.43283       89.12511      1.4444500E-06   3.116904    
   89.12511       100.0000      5.9970532E-08   14.84897    


 # Detector n:  2  LG-647    
 # N. of x1 intervals 60
  0.1000000      0.1122018      0.8319601      0.1244841    
  0.1122018      0.1258925      0.8711036      0.1165593    
  0.1258925      0.1412538      0.9099891      9.9335767E-02
  0.1412538      0.1584893      0.9419527      8.6710766E-02
  0.1584893      0.1778279      0.9722610      9.1335967E-02
  0.1778279      0.1995262      0.9964740      8.0190435E-02
  0.1995262      0.2238721       1.014651      7.9524763E-02
  0.2238721      0.2511887       1.029886      7.0368059E-02
  0.2511887      0.2818383       1.036620      6.5962017E-02
  0.2818383      0.3162278       1.038987      7.2355650E-02
  0.3162278      0.3548134       1.033091      6.0562607E-02
  0.3548134      0.3981072       1.023791      5.6910560E-02
  0.3981072      0.4466836       1.009352      5.6072827E-02
  0.4466836      0.5011873      0.9913559      6.2208500E-02
  0.5011873      0.5623413      0.9687069      5.1225625E-02
  0.5623413      0.6309574      0.9419043      4.7298625E-02
  0.6309574      0.7079458      0.9120543      4.2657558E-02
  0.7079458      0.7943283      0.8792477      4.3959145E-02
  0.7943283      0.8912510      0.8431501      3.9490711E-02
  0.8912510       1.000000      0.8036546      4.3609150E-02
   1.000000       1.122019      0.7636068      3.8676783E-02
   1.122019       1.258925      0.7198854      3.8011968E-02
   1.258925       1.412538      0.6759357      3.7961848E-02
   1.412538       1.584893      0.6310624      3.7706330E-02
   1.584893       1.778280      0.5853454      3.6110308E-02
   1.778280       1.995263      0.5401247      3.8619515E-02
   1.995263       2.238721      0.4950704      3.5537623E-02
   2.238721       2.511887      0.4508469      3.4515321E-02
   2.511887       2.818383      0.4080834      3.3458278E-02
   2.818383       3.162278      0.3667333      3.3522435E-02
   3.162278       3.548134      0.3267505      3.0780271E-02
   3.548134       3.981072      0.2891895      3.6158938E-02
   3.981072       4.466836      0.2539447      2.9630763E-02
   4.466836       5.011873      0.2209899      4.0075660E-02
   5.011873       5.623414      0.1908878      3.1925812E-02
   5.623414       6.309574      0.1633110      3.4871522E-02
   6.309574       7.079458      0.1384910      3.5454001E-02
   7.079458       7.943283      0.1161212      3.8436756E-02
   7.943283       8.912510      9.6392080E-02  4.3943446E-02
   8.912510       10.00000      7.9062097E-02  4.1497778E-02
   10.00000       11.22019      6.4125858E-02  4.4076603E-02
   11.22019       12.58926      5.1336069E-02  4.4899892E-02
   12.58926       14.12538      4.0533964E-02  4.4333719E-02
   14.12538       15.84893      3.1466626E-02  4.9123880E-02
   15.84893       17.78279      2.3972439E-02  5.0457846E-02
   17.78279       19.95263      1.7941900E-02  6.4119339E-02
   19.95263       22.38721      1.3118708E-02  6.8673372E-02
   22.38721       25.11887      9.3558738E-03  7.4193865E-02
   25.11887       28.18383      6.4864396E-03  8.3631165E-02
   28.18383       31.62278      4.3438552E-03  9.3953252E-02
   31.62278       35.48134      2.8098172E-03  0.1100107    
   35.48134       39.81072      1.7248988E-03  0.1327143    
   39.81072       44.66837      1.0017683E-03  0.1573891    
   44.66837       50.11873      5.3652312E-04  0.2404414    
   50.11873       56.23414      2.5533978E-04  0.3050307    
   56.23414       63.09574      1.0519156E-04  0.4432002    
   63.09574       70.79459      3.4287099E-05  0.7098214    
   70.79459       79.43283      8.1991293E-06   1.399451    
   79.43283       89.12511      1.1947366E-06   3.736638    
   89.12511       100.0000      3.1984285E-08   21.25188    


 # Detector n:  3  LG-1033   
 # N. of x1 intervals 60
  0.1000000      0.1122018      0.2731566      0.2287448    
  0.1122018      0.1258925      0.2869070      0.2088627    
  0.1258925      0.1412538      0.3003263      0.1691962    
  0.1412538      0.1584893      0.3142129      0.1679801    
  0.1584893      0.1778279      0.3276802      0.1596716    
  0.1778279      0.1995262      0.3401216      0.1382129    
  0.1995262      0.2238721      0.3527859      0.1336651    
  0.2238721      0.2511887      0.3628286      0.1178023    
  0.2511887      0.2818383      0.3723753      0.1033335    
  0.2818383      0.3162278      0.3812420      0.1034334    
  0.3162278      0.3548134      0.3891762      0.1097167    
  0.3548134      0.3981072      0.3945307      8.9117907E-02
  0.3981072      0.4466836      0.3994623      8.3241008E-02
  0.4466836      0.5011873      0.4030213      7.8526981E-02
  0.5011873      0.5623413      0.4049469      7.8617513E-02
  0.5623413      0.6309574      0.4050030      6.6554256E-02
  0.6309574      0.7079458      0.4031885      7.2574154E-02
  0.7079458      0.7943283      0.4003093      6.4326234E-02
  0.7943283      0.8912510      0.3944512      6.3952111E-02
  0.8912510       1.000000      0.3873369      5.6433033E-02
   1.000000       1.122019      0.3789122      5.0999198E-02
   1.122019       1.258925      0.3674683      5.6733768E-02
   1.258925       1.412538      0.3552642      4.5264553E-02
   1.412538       1.584893      0.3409950      5.0200995E-02
   1.584893       1.778280      0.3254831      4.9109451E-02
   1.778280       1.995263      0.3084170      4.3719139E-02
   1.995263       2.238721      0.2901013      5.4043584E-02
   2.238721       2.511887      0.2711477      4.3286126E-02
   2.511887       2.818383      0.2513874      4.0375140E-02
   2.818383       3.162278      0.2316261      4.1489597E-02
   3.162278       3.548134      0.2112075      4.0454563E-02
   3.548134       3.981072      0.1911736      4.5554847E-02
   3.981072       4.466836      0.1714755      4.3748576E-02
   4.466836       5.011873      0.1524211      4.0499307E-02
   5.011873       5.623414      0.1342926      4.6069749E-02
   5.623414       6.309574      0.1171043      4.1561309E-02
   6.309574       7.079458      0.1008125      4.0809903E-02
   7.079458       7.943283      8.5918166E-02  4.6264123E-02
   7.943283       8.912510      7.2467640E-02  4.2860460E-02
   8.912510       10.00000      6.0451191E-02  4.8890501E-02
   10.00000       11.22019      4.9698576E-02  4.6945293E-02
   11.22019       12.58926      4.0343180E-02  4.6846401E-02
   12.58926       14.12538      3.2215469E-02  4.9192537E-02
   14.12538       15.84893      2.5293218E-02  4.9767457E-02
   15.84893       17.78279      1.9476000E-02  6.2174760E-02
   17.78279       19.95263      1.4716380E-02  6.7065939E-02
   19.95263       22.38721      1.0827394E-02  7.3790014E-02
   22.38721       25.11887      7.7932267E-03  8.8516846E-02
   25.11887       28.18383      5.4327170E-03  0.1006329    
   28.18383       31.62278      3.6609408E-03  0.1054085    
   31.62278       35.48134      2.3694942E-03  0.1190865    
   35.48134       39.81072      1.4609321E-03  0.1525225    
   39.81072       44.66837      8.4720535E-04  0.1838224    
   44.66837       50.11873      4.5060678E-04  0.2491420    
   50.11873       56.23414      2.1259673E-04  0.3403795    
   56.23414       63.09574      8.5774540E-05  0.4485303    
   63.09574       70.79459      2.7316353E-05  0.8021806    
   70.79459       79.43283      6.2881800E-06   1.587942    
   79.43283       89.12511      8.4633405E-07   4.480953    
   89.12511       100.0000      1.8657499E-08   27.37321    
