 # Detector n:  1  LG-143    
 # N. of x1 intervals 60
  0.1000000      0.1122018       1.197930      9.3226559E-02
  0.1122018      0.1258925       1.281355      9.1672227E-02
  0.1258925      0.1412538       1.368130      8.5663378E-02
  0.1412538      0.1584893       1.456928      8.0389917E-02
  0.1584893      0.1778279       1.538692      7.8075640E-02
  0.1778279      0.1995262       1.614535      5.5447023E-02
  0.1995262      0.2238721       1.680476      5.7148404E-02
  0.2238721      0.2511887       1.732229      5.3237140E-02
  0.2511887      0.2818383       1.764817      4.9496312E-02
  0.2818383      0.3162278       1.781744      4.9106430E-02
  0.3162278      0.3548134       1.777668      4.3461680E-02
  0.3548134      0.3981072       1.755917      4.3969829E-02
  0.3981072      0.4466836       1.720520      4.4769451E-02
  0.4466836      0.5011873       1.673079      4.0571965E-02
  0.5011873      0.5623413       1.614741      3.8613178E-02
  0.5623413      0.6309574       1.550697      3.8886551E-02
  0.6309574      0.7079458       1.479430      4.0225014E-02
  0.7079458      0.7943283       1.404229      3.5756703E-02
  0.7943283      0.8912510       1.328298      3.4503222E-02
  0.8912510       1.000000       1.247981      3.2293763E-02
   1.000000       1.122019       1.167009      3.0039137E-02
   1.122019       1.258925       1.083255      2.9650314E-02
   1.258925       1.412538      0.9994445      3.1759605E-02
   1.412538       1.584893      0.9167350      3.1168833E-02
   1.584893       1.778280      0.8332908      3.0587332E-02
   1.778280       1.995263      0.7538990      3.0958790E-02
   1.995263       2.238721      0.6767898      2.9837752E-02
   2.238721       2.511887      0.6035478      2.8837869E-02
   2.511887       2.818383      0.5340785      2.8116867E-02
   2.818383       3.162278      0.4699164      2.9961238E-02
   3.162278       3.548134      0.4102552      2.8825445E-02
   3.548134       3.981072      0.3553607      3.1930607E-02
   3.981072       4.466836      0.3057923      2.9633548E-02
   4.466836       5.011873      0.2608363      2.9891465E-02
   5.011873       5.623414      0.2210352      3.3027954E-02
   5.623414       6.309574      0.1858621      3.4333192E-02
   6.309574       7.079458      0.1546842      3.5554416E-02
   7.079458       7.943283      0.1277477      3.7779666E-02
   7.943283       8.912510      0.1044722      3.5895940E-02
   8.912510       10.00000      8.4489845E-02  3.7631784E-02
   10.00000       11.22019      6.7551211E-02  4.2046946E-02
   11.22019       12.58926      5.3316817E-02  4.2330194E-02
   12.58926       14.12538      4.1505583E-02  4.4288289E-02
   14.12538       15.84893      3.1820718E-02  4.8602473E-02
   15.84893       17.78279      2.3958625E-02  5.5477459E-02
   17.78279       19.95263      1.7704261E-02  5.7172470E-02
   19.95263       22.38721      1.2827352E-02  6.1895669E-02
   22.38721       25.11887      9.0766121E-03  7.1420908E-02
   25.11887       28.18383      6.2837857E-03  8.0277883E-02
   28.18383       31.62278      4.2426055E-03  9.7384512E-02
   31.62278       35.48134      2.7873220E-03  0.1125468    
   35.48134       39.81072      1.7644888E-03  0.1298544    
   39.81072       44.66837      1.0534661E-03  0.1648767    
   44.66837       50.11873      5.8859983E-04  0.2185928    
   50.11873       56.23414      2.9525370E-04  0.2897088    
   56.23414       63.09574      1.2945026E-04  0.3971388    
   63.09574       70.79459      4.5333287E-05  0.6714302    
   70.79459       79.43283      1.1243603E-05   1.160255    
   79.43283       89.12511      1.8127274E-06   3.045927    
   89.12511       100.0000      8.4291912E-08   12.13974    


 # Detector n:  2  LG-647    
 # N. of x1 intervals 60
  0.1000000      0.1122018      0.8023775      0.1177480    
  0.1122018      0.1258925      0.8414423      9.7681187E-02
  0.1258925      0.1412538      0.8775023      9.3800597E-02
  0.1412538      0.1584893      0.9099346      9.7373039E-02
  0.1584893      0.1778279      0.9389213      9.3674831E-02
  0.1778279      0.1995262      0.9632819      8.5481301E-02
  0.1995262      0.2238721      0.9809091      7.5179555E-02
  0.2238721      0.2511887      0.9951209      7.4898474E-02
  0.2511887      0.2818383       1.001878      7.0755005E-02
  0.2818383      0.3162278       1.003510      6.7429543E-02
  0.3162278      0.3548134      0.9988143      5.6241915E-02
  0.3548134      0.3981072      0.9896764      6.0645983E-02
  0.3981072      0.4466836      0.9768279      5.5092279E-02
  0.4466836      0.5011873      0.9596021      5.8522783E-02
  0.5011873      0.5623413      0.9372969      4.7331039E-02
  0.5623413      0.6309574      0.9139293      4.5205347E-02
  0.6309574      0.7079458      0.8862703      4.4884488E-02
  0.7079458      0.7943283      0.8554004      4.0880080E-02
  0.7943283      0.8912510      0.8227000      4.3760531E-02
  0.8912510       1.000000      0.7863485      4.1664079E-02
   1.000000       1.122019      0.7481318      4.2354267E-02
   1.122019       1.258925      0.7080136      4.2555727E-02
   1.258925       1.412538      0.6658687      3.9917119E-02
   1.412538       1.584893      0.6230793      3.7646629E-02
   1.584893       1.778280      0.5793196      3.4400020E-02
   1.778280       1.995263      0.5355238      3.6663122E-02
   1.995263       2.238721      0.4917724      3.2998011E-02
   2.238721       2.511887      0.4484095      3.1560853E-02
   2.511887       2.818383      0.4060818      3.4982659E-02
   2.818383       3.162278      0.3646635      3.1545620E-02
   3.162278       3.548134      0.3253610      3.5408020E-02
   3.548134       3.981072      0.2877477      3.7658330E-02
   3.981072       4.466836      0.2526462      3.2240413E-02
   4.466836       5.011873      0.2196165      3.0767431E-02
   5.011873       5.623414      0.1893866      3.6517851E-02
   5.623414       6.309574      0.1616763      3.5261799E-02
   6.309574       7.079458      0.1367663      3.3528633E-02
   7.079458       7.943283      0.1146173      3.6271691E-02
   7.943283       8.912510      9.4855040E-02  3.6260553E-02
   8.912510       10.00000      7.7587180E-02  4.1946255E-02
   10.00000       11.22019      6.2737189E-02  4.1005962E-02
   11.22019       12.58926      5.0066411E-02  4.0048335E-02
   12.58926       14.12538      3.9366473E-02  4.7214877E-02
   14.12538       15.84893      3.0467123E-02  4.7012728E-02
   15.84893       17.78279      2.3098178E-02  5.2611649E-02
   17.78279       19.95263      1.7225493E-02  5.8452934E-02
   19.95263       22.38721      1.2576950E-02  6.2293984E-02
   22.38721       25.11887      8.9835413E-03  7.5338989E-02
   25.11887       28.18383      6.2625874E-03  7.5403221E-02
   28.18383       31.62278      4.2643985E-03  9.4279848E-02
   31.62278       35.48134      2.8144333E-03  0.1136097    
   35.48134       39.81072      1.7838718E-03  0.1263029    
   39.81072       44.66837      1.0629814E-03  0.1683426    
   44.66837       50.11873      5.8883423E-04  0.2119886    
   50.11873       56.23414      2.9170621E-04  0.2723859    
   56.23414       63.09574      1.2465303E-04  0.3939947    
   63.09574       70.79459      4.1965173E-05  0.6792072    
   70.79459       79.43283      1.0177608E-05   1.174803    
   79.43283       89.12511      1.4673778E-06   3.282863    
   89.12511       100.0000      3.9591658E-08   19.51024    


 # Detector n:  3  LG-1033   
 # N. of x1 intervals 60
  0.1000000      0.1122018      0.2639343      0.2219427    
  0.1122018      0.1258925      0.2762044      0.1695382    
  0.1258925      0.1412538      0.2901156      0.1567432    
  0.1412538      0.1584893      0.3042957      0.1639164    
  0.1584893      0.1778279      0.3167883      0.1541560    
  0.1778279      0.1995262      0.3283336      0.1253290    
  0.1995262      0.2238721      0.3412173      0.1308971    
  0.2238721      0.2511887      0.3523370      0.1259245    
  0.2511887      0.2818383      0.3612978      0.1173339    
  0.2818383      0.3162278      0.3701847      0.1060622    
  0.3162278      0.3548134      0.3776680      9.8019458E-02
  0.3548134      0.3981072      0.3844692      9.4445243E-02
  0.3981072      0.4466836      0.3893816      7.9066843E-02
  0.4466836      0.5011873      0.3931289      8.7437525E-02
  0.5011873      0.5623413      0.3960644      7.6883323E-02
  0.5623413      0.6309574      0.3962304      7.1876124E-02
  0.6309574      0.7079458      0.3953204      6.5988153E-02
  0.7079458      0.7943283      0.3922572      6.6915981E-02
  0.7943283      0.8912510      0.3876252      5.6739915E-02
  0.8912510       1.000000      0.3816065      6.2323783E-02
   1.000000       1.122019      0.3734390      5.0504390E-02
   1.122019       1.258925      0.3630607      5.5216029E-02
   1.258925       1.412538      0.3508020      4.3903142E-02
   1.412538       1.584893      0.3375374      4.9819335E-02
   1.584893       1.778280      0.3223905      4.8806667E-02
   1.778280       1.995263      0.3054327      4.6660259E-02
   1.995263       2.238721      0.2879095      4.6932340E-02
   2.238721       2.511887      0.2690560      4.1908357E-02
   2.511887       2.818383      0.2496378      4.5841347E-02
   2.818383       3.162278      0.2294787      4.1130420E-02
   3.162278       3.548134      0.2096060      4.2000122E-02
   3.548134       3.981072      0.1893736      3.9368607E-02
   3.981072       4.466836      0.1698540      4.2080365E-02
   4.466836       5.011873      0.1507475      4.1665144E-02
   5.011873       5.623414      0.1325589      3.8373794E-02
   5.623414       6.309574      0.1154181      4.3927658E-02
   6.309574       7.079458      9.9270351E-02  3.9597347E-02
   7.079458       7.943283      8.4395729E-02  4.3649931E-02
   7.943283       8.912510      7.1051508E-02  4.3896485E-02
   8.912510       10.00000      5.9032194E-02  4.8613105E-02
   10.00000       11.22019      4.8474133E-02  4.3149367E-02
   11.22019       12.58926      3.9194673E-02  5.2408073E-02
   12.58926       14.12538      3.1202180E-02  5.6016270E-02
   14.12538       15.84893      2.4378549E-02  5.6073744E-02
   15.84893       17.78279      1.8725662E-02  5.9462495E-02
   17.78279       19.95263      1.4104485E-02  6.7705281E-02
   19.95263       22.38721      1.0386065E-02  6.9172777E-02
   22.38721       25.11887      7.4906517E-03  8.3740167E-02
   25.11887       28.18383      5.2657300E-03  8.2757838E-02
   28.18383       31.62278      3.6184967E-03  0.1028279    
   31.62278       35.48134      2.3970751E-03  0.1235481    
   35.48134       39.81072      1.5203364E-03  0.1383744    
   39.81072       44.66837      9.0650690E-04  0.1756191    
   44.66837       50.11873      4.9861602E-04  0.2231705    
   50.11873       56.23414      2.4482780E-04  0.2942973    
   56.23414       63.09574      1.0230645E-04  0.4370403    
   63.09574       70.79459      3.3681103E-05  0.7337184    
   70.79459       79.43283      7.9571846E-06   1.279758    
   79.43283       89.12511      1.0045233E-06   3.745241    
   89.12511       100.0000      1.9157254E-08   26.28515    
